
=== Tue Nov 13 06:47:42 2018

Packages were changed.
Update Mode: updateDependencies

The following packages were added:
  com.unity.collab-proxy@1.2.11
The following packages were updated:
  com.unity.package-manager-ui from version 1.9.11 to 2.0.3

=== Sun Dec  9 18:40:24 2018

Packages were changed.
Update Mode: updateDependencies

The following packages were updated:
  com.unity.collab-proxy from version 1.2.11 to 1.2.15

=== Wed Apr 17 07:56:13 2019

Packages were changed.
Update Mode: updateDependencies

The following packages were added:
  com.unity.timeline@1.0.0
  com.unity.multiplayer-hlapi@1.0.2
  com.unity.xr.legacyinputhelpers@2.0.2
The following packages were updated:
  com.unity.collab-proxy from version 1.2.15 to 1.2.16
  com.unity.package-manager-ui from version 2.0.3 to 2.1.2
